<?xml version="1.0" encoding="UTF-8"?>
<testsuite name="com.aeonmerx.proyectopeguirest.ProyectoPeguiRestApplicationTests" tests="1" skipped="0" failures="0" errors="0" timestamp="2024-02-18T21:41:00" hostname="DESKTOP-GT5EUQ2" time="17.182">
  <properties/>
  <testcase name="deberiaGuardarEmpresaRetornarStatus201()" classname="com.aeonmerx.proyectopeguirest.ProyectoPeguiRestApplicationTests" time="17.182"/>
  <system-out><![CDATA[16:40:15.639 [Test worker] INFO org.springframework.test.context.support.AnnotationConfigContextLoaderUtils -- Could not detect default configuration classes for test class [com.aeonmerx.proyectopeguirest.ProyectoPeguiRestApplicationTests]: ProyectoPeguiRestApplicationTests does not declare any static, non-private, non-final, nested classes annotated with @Configuration.
16:40:16.984 [Test worker] INFO org.springframework.boot.test.context.SpringBootTestContextBootstrapper -- Found @SpringBootConfiguration com.aeonmerx.proyectopeguirest.ProyectoPeguiRestApplication for test class com.aeonmerx.proyectopeguirest.ProyectoPeguiRestApplicationTests
04:40  INFO 8776 --- [    Test worker] c.a.p.ProyectoPeguiRestApplicationTests  : Starting ProyectoPeguiRestApplicationTests using Java 19.0.2 with PID 8776 (started by andre in C:\Users\andre\IdeaProjects\ProyectoPeguiRest)
04:40 DEBUG 8776 --- [    Test worker] c.a.p.ProyectoPeguiRestApplicationTests  : Running with Spring Boot v3.2.2, Spring v6.1.3
04:40  INFO 8776 --- [    Test worker] c.a.p.ProyectoPeguiRestApplicationTests  : No active profile set, falling back to 1 default profile: "default"
04:40  INFO 8776 --- [    Test worker] .s.d.r.c.RepositoryConfigurationDelegate : Bootstrapping Spring Data JPA repositories in DEFAULT mode.
04:40  INFO 8776 --- [    Test worker] .s.d.r.c.RepositoryConfigurationDelegate : Finished Spring Data repository scanning in 1125 ms. Found 2 JPA repository interfaces.
04:40 DEBUG 8776 --- [    Test worker] com.zaxxer.hikari.HikariConfig           : Driver class com.mysql.cj.jdbc.Driver found in Thread context class loader jdk.internal.loader.ClassLoaders$AppClassLoader@c387f44
04:40 DEBUG 8776 --- [    Test worker] com.zaxxer.hikari.HikariConfig           : HikariPool-1 - configuration:
04:40 DEBUG 8776 --- [    Test worker] com.zaxxer.hikari.HikariConfig           : allowPoolSuspension.............false
04:40 DEBUG 8776 --- [    Test worker] com.zaxxer.hikari.HikariConfig           : autoCommit......................true
04:40 DEBUG 8776 --- [    Test worker] com.zaxxer.hikari.HikariConfig           : catalog.........................none
04:40 DEBUG 8776 --- [    Test worker] com.zaxxer.hikari.HikariConfig           : connectionInitSql...............none
04:40 DEBUG 8776 --- [    Test worker] com.zaxxer.hikari.HikariConfig           : connectionTestQuery.............none
04:40 DEBUG 8776 --- [    Test worker] com.zaxxer.hikari.HikariConfig           : connectionTimeout...............30000
04:40 DEBUG 8776 --- [    Test worker] com.zaxxer.hikari.HikariConfig           : dataSource......................none
04:40 DEBUG 8776 --- [    Test worker] com.zaxxer.hikari.HikariConfig           : dataSourceClassName.............none
04:40 DEBUG 8776 --- [    Test worker] com.zaxxer.hikari.HikariConfig           : dataSourceJNDI..................none
04:40 DEBUG 8776 --- [    Test worker] com.zaxxer.hikari.HikariConfig           : dataSourceProperties............{password=<masked>}
04:40 DEBUG 8776 --- [    Test worker] com.zaxxer.hikari.HikariConfig           : driverClassName................."com.mysql.cj.jdbc.Driver"
04:40 DEBUG 8776 --- [    Test worker] com.zaxxer.hikari.HikariConfig           : exceptionOverrideClassName......none
04:40 DEBUG 8776 --- [    Test worker] com.zaxxer.hikari.HikariConfig           : healthCheckProperties...........{}
04:40 DEBUG 8776 --- [    Test worker] com.zaxxer.hikari.HikariConfig           : healthCheckRegistry.............none
04:40 DEBUG 8776 --- [    Test worker] com.zaxxer.hikari.HikariConfig           : idleTimeout.....................600000
04:40 DEBUG 8776 --- [    Test worker] com.zaxxer.hikari.HikariConfig           : initializationFailTimeout.......1
04:40 DEBUG 8776 --- [    Test worker] com.zaxxer.hikari.HikariConfig           : isolateInternalQueries..........false
04:40 DEBUG 8776 --- [    Test worker] com.zaxxer.hikari.HikariConfig           : jdbcUrl.........................jdbc:mysql://localhost:3306/aplicacion?useSSL=false&serverTimeZone=UTC&allowPublicKeyRetrival=true
04:40 DEBUG 8776 --- [    Test worker] com.zaxxer.hikari.HikariConfig           : keepaliveTime...................0
04:40 DEBUG 8776 --- [    Test worker] com.zaxxer.hikari.HikariConfig           : leakDetectionThreshold..........0
04:40 DEBUG 8776 --- [    Test worker] com.zaxxer.hikari.HikariConfig           : maxLifetime.....................1800000
04:40 DEBUG 8776 --- [    Test worker] com.zaxxer.hikari.HikariConfig           : maximumPoolSize.................10
04:40 DEBUG 8776 --- [    Test worker] com.zaxxer.hikari.HikariConfig           : metricRegistry..................none
04:40 DEBUG 8776 --- [    Test worker] com.zaxxer.hikari.HikariConfig           : metricsTrackerFactory...........none
04:40 DEBUG 8776 --- [    Test worker] com.zaxxer.hikari.HikariConfig           : minimumIdle.....................10
04:40 DEBUG 8776 --- [    Test worker] com.zaxxer.hikari.HikariConfig           : password........................<masked>
04:40 DEBUG 8776 --- [    Test worker] com.zaxxer.hikari.HikariConfig           : poolName........................"HikariPool-1"
04:40 DEBUG 8776 --- [    Test worker] com.zaxxer.hikari.HikariConfig           : readOnly........................false
04:40 DEBUG 8776 --- [    Test worker] com.zaxxer.hikari.HikariConfig           : registerMbeans..................false
04:40 DEBUG 8776 --- [    Test worker] com.zaxxer.hikari.HikariConfig           : scheduledExecutor...............none
04:40 DEBUG 8776 --- [    Test worker] com.zaxxer.hikari.HikariConfig           : schema..........................none
04:40 DEBUG 8776 --- [    Test worker] com.zaxxer.hikari.HikariConfig           : threadFactory...................internal
04:40 DEBUG 8776 --- [    Test worker] com.zaxxer.hikari.HikariConfig           : transactionIsolation............default
04:40 DEBUG 8776 --- [    Test worker] com.zaxxer.hikari.HikariConfig           : username........................"root"
04:40 DEBUG 8776 --- [    Test worker] com.zaxxer.hikari.HikariConfig           : validationTimeout...............5000
04:40  INFO 8776 --- [    Test worker] com.zaxxer.hikari.HikariDataSource       : HikariPool-1 - Starting...
04:40  INFO 8776 --- [    Test worker] com.zaxxer.hikari.pool.HikariPool        : HikariPool-1 - Added connection com.mysql.cj.jdbc.ConnectionImpl@77fc19cf
04:40  INFO 8776 --- [    Test worker] com.zaxxer.hikari.HikariDataSource       : HikariPool-1 - Start completed.
04:40 DEBUG 8776 --- [l-1 housekeeper] com.zaxxer.hikari.pool.HikariPool        : HikariPool-1 - Pool stats (total=1, active=1, idle=0, waiting=0)
04:40 DEBUG 8776 --- [onnection adder] com.zaxxer.hikari.pool.HikariPool        : HikariPool-1 - Added connection com.mysql.cj.jdbc.ConnectionImpl@1fbb1ab4
04:40 DEBUG 8776 --- [onnection adder] com.zaxxer.hikari.pool.HikariPool        : HikariPool-1 - Added connection com.mysql.cj.jdbc.ConnectionImpl@283bfe0a
04:40 DEBUG 8776 --- [onnection adder] com.zaxxer.hikari.pool.HikariPool        : HikariPool-1 - Added connection com.mysql.cj.jdbc.ConnectionImpl@50459f2f
04:40 DEBUG 8776 --- [onnection adder] com.zaxxer.hikari.pool.HikariPool        : HikariPool-1 - Added connection com.mysql.cj.jdbc.ConnectionImpl@49958db1
04:40 DEBUG 8776 --- [onnection adder] com.zaxxer.hikari.pool.HikariPool        : HikariPool-1 - Added connection com.mysql.cj.jdbc.ConnectionImpl@4b41949f
04:40 DEBUG 8776 --- [onnection adder] com.zaxxer.hikari.pool.HikariPool        : HikariPool-1 - Added connection com.mysql.cj.jdbc.ConnectionImpl@5f7a5f30
04:40 DEBUG 8776 --- [onnection adder] com.zaxxer.hikari.pool.HikariPool        : HikariPool-1 - Added connection com.mysql.cj.jdbc.ConnectionImpl@212dec2b
04:40  INFO 8776 --- [    Test worker] o.f.c.internal.license.VersionPrinter    : Flyway Community Edition 9.22.3 by Redgate
04:40  INFO 8776 --- [    Test worker] o.f.c.internal.license.VersionPrinter    : See release notes here: https://rd.gt/416ObMi
04:40  INFO 8776 --- [    Test worker] o.f.c.internal.license.VersionPrinter    : 
04:40 DEBUG 8776 --- [onnection adder] com.zaxxer.hikari.pool.HikariPool        : HikariPool-1 - Added connection com.mysql.cj.jdbc.ConnectionImpl@2b6d9c90
04:40 DEBUG 8776 --- [onnection adder] com.zaxxer.hikari.pool.HikariPool        : HikariPool-1 - Added connection com.mysql.cj.jdbc.ConnectionImpl@7835010c
04:40 DEBUG 8776 --- [    Test worker] o.f.c.i.s.classpath.ClassPathScanner     : Scanning for classpath resources at 'classpath:db/callback' ...
04:40 DEBUG 8776 --- [    Test worker] o.f.c.i.s.classpath.ClassPathScanner     : Determining location urls for classpath:db/callback using ClassLoader jdk.internal.loader.ClassLoaders$AppClassLoader@c387f44 ...
04:40 DEBUG 8776 --- [    Test worker] o.f.c.i.s.classpath.ClassPathScanner     : Unable to resolve location classpath:db/callback.
04:40 DEBUG 8776 --- [    Test worker] o.f.c.i.s.classpath.ClassPathScanner     : Scanning for classpath resources at 'classpath:db/migration' ...
04:40 DEBUG 8776 --- [    Test worker] o.f.c.i.s.classpath.ClassPathScanner     : Determining location urls for classpath:db/migration using ClassLoader jdk.internal.loader.ClassLoaders$AppClassLoader@c387f44 ...
04:40 DEBUG 8776 --- [    Test worker] o.f.c.i.s.classpath.ClassPathScanner     : Scanning URL: file:/C:/Users/andre/IdeaProjects/ProyectoPeguiRest/build/resources/main/db/migration
04:40 DEBUG 8776 --- [    Test worker] i.s.c.FileSystemClassPathLocationScanner : Scanning starting at classpath root in filesystem: C:\Users\andre\IdeaProjects\ProyectoPeguiRest\build\resources\main\
04:40 DEBUG 8776 --- [    Test worker] i.s.c.FileSystemClassPathLocationScanner : Scanning for resources in path: C:\Users\andre\IdeaProjects\ProyectoPeguiRest\build\resources\main\db\migration (db/migration)
04:40 DEBUG 8776 --- [onnection adder] com.zaxxer.hikari.pool.HikariPool        : HikariPool-1 - After adding stats (total=10, active=0, idle=10, waiting=0)
04:40 DEBUG 8776 --- [    Test worker] o.f.c.i.s.classpath.ClassPathScanner     : Found resource: db/migration/V1__crear_tabla_empresas.sql
04:40 DEBUG 8776 --- [    Test worker] o.f.c.i.s.classpath.ClassPathScanner     : Found resource: db/migration/V2__crear_tabla_personas.sql
04:40 DEBUG 8776 --- [    Test worker] o.f.c.i.s.classpath.ClassPathScanner     : Scanning for classes at classpath:db/migration
04:40 DEBUG 8776 --- [    Test worker] o.f.c.i.resource.ResourceNameValidator   : Validating V2__crear_tabla_personas.sql
04:40 DEBUG 8776 --- [    Test worker] o.f.c.i.resource.ResourceNameValidator   : Validating V1__crear_tabla_empresas.sql
04:40 DEBUG 8776 --- [    Test worker] o.flywaydb.database.mysql.MySQLDatabase  : Unable to detect whether WSREP_ON=ON. Assuming not.
04:40  INFO 8776 --- [    Test worker] org.flywaydb.core.FlywayExecutor         : Database: jdbc:mysql://localhost:3306/aplicacion (MySQL 5.5)
04:40 DEBUG 8776 --- [    Test worker] org.flywaydb.core.FlywayExecutor         : Driver: MySQL Connector/J mysql-connector-j-8.3.0 (Revision: 805f872a57875f311cb82487efcfb070411a3fa0)
04:40 DEBUG 8776 --- [    Test worker] org.flywaydb.core.FlywayExecutor         : DDL Transactions Supported: false
04:40 DEBUG 8776 --- [    Test worker] o.f.c.i.s.SchemaHistoryFactory           : Schemas: 
04:40 DEBUG 8776 --- [    Test worker] o.f.c.i.s.SchemaHistoryFactory           : Default schema: aplicacion
04:40 DEBUG 8776 --- [    Test worker] o.f.c.i.c.SqlScriptCallbackFactory       : Scanning for SQL callbacks ...
04:40 DEBUG 8776 --- [    Test worker] o.f.core.internal.command.DbValidate     : Validating migrations ...
04:40 DEBUG 8776 --- [    Test worker] o.f.core.internal.scanner.Scanner        : Filtering out resource: db/migration/V2__crear_tabla_personas.sql (filename: V2__crear_tabla_personas.sql)
04:40 DEBUG 8776 --- [    Test worker] o.f.core.internal.scanner.Scanner        : Filtering out resource: db/migration/V1__crear_tabla_empresas.sql (filename: V1__crear_tabla_empresas.sql)
04:40 DEBUG 8776 --- [    Test worker] o.f.core.internal.scanner.Scanner        : Filtering out resource: db/migration/V2__crear_tabla_personas.sql (filename: V2__crear_tabla_personas.sql)
04:40 DEBUG 8776 --- [    Test worker] o.f.core.internal.scanner.Scanner        : Filtering out resource: db/migration/V1__crear_tabla_empresas.sql (filename: V1__crear_tabla_empresas.sql)
04:40  INFO 8776 --- [    Test worker] o.f.core.internal.command.DbValidate     : Successfully validated 2 migrations (execution time 00:00.314s)
04:40 DEBUG 8776 --- [    Test worker] o.f.core.internal.command.DbSchemas      : Skipping creation of existing schema: `aplicacion`
04:40  INFO 8776 --- [    Test worker] o.f.core.internal.command.DbMigrate      : Current version of schema `aplicacion`: 2
04:40  INFO 8776 --- [    Test worker] o.f.core.internal.command.DbMigrate      : Schema `aplicacion` is up to date. No migration necessary.
04:40 DEBUG 8776 --- [    Test worker] org.flywaydb.core.FlywayExecutor         : Memory usage: 34 of 54M
04:40  INFO 8776 --- [    Test worker] o.hibernate.jpa.internal.util.LogHelper  : HHH000204: Processing PersistenceUnitInfo [name: default]
04:40  INFO 8776 --- [    Test worker] org.hibernate.Version                    : HHH000412: Hibernate ORM core version 6.4.1.Final
04:40  INFO 8776 --- [    Test worker] o.h.c.internal.RegionFactoryInitiator    : HHH000026: Second-level cache disabled
04:40  INFO 8776 --- [    Test worker] o.s.o.j.p.SpringPersistenceUnitInfo      : No LoadTimeWeaver setup: ignoring JPA class transformer
04:40  WARN 8776 --- [    Test worker] org.hibernate.dialect.Dialect            : HHH000511: The 5.5.0 version for [org.hibernate.dialect.MySQLDialect] is no longer supported, hence certain features may not work properly. The minimum supported version is 8.0.0. Check the community dialects project for available legacy versions.
04:40  INFO 8776 --- [    Test worker] o.h.e.t.j.p.i.JtaPlatformInitiator       : HHH000489: No JTA platform available (set 'hibernate.transaction.jta.platform' to enable JTA platform integration)
04:40  INFO 8776 --- [    Test worker] j.LocalContainerEntityManagerFactoryBean : Initialized JPA EntityManagerFactory for persistence unit 'default'
04:40  WARN 8776 --- [    Test worker] JpaBaseConfiguration$JpaWebConfiguration : spring.jpa.open-in-view is enabled by default. Therefore, database queries may be performed during view rendering. Explicitly configure spring.jpa.open-in-view to disable this warning
04:40  INFO 8776 --- [    Test worker] o.s.b.a.w.s.WelcomePageHandlerMapping    : Adding welcome page template: index
04:40  INFO 8776 --- [    Test worker] o.s.b.t.m.w.SpringBootMockServletContext : Initializing Spring TestDispatcherServlet ''
04:40  INFO 8776 --- [    Test worker] o.s.t.web.servlet.TestDispatcherServlet  : Initializing Servlet ''
04:40  INFO 8776 --- [    Test worker] o.s.t.web.servlet.TestDispatcherServlet  : Completed initialization in 4 ms
04:41  INFO 8776 --- [    Test worker] c.a.p.ProyectoPeguiRestApplicationTests  : Started ProyectoPeguiRestApplicationTests in 41.24 seconds (process running for 54.846)
04:41 DEBUG 8776 --- [l-1 housekeeper] com.zaxxer.hikari.pool.HikariPool        : HikariPool-1 - Pool stats (total=10, active=0, idle=10, waiting=0)
04:41 DEBUG 8776 --- [l-1 housekeeper] com.zaxxer.hikari.pool.HikariPool        : HikariPool-1 - Fill pool skipped, pool has sufficient level or currently being filled (queueDepth=0).
04:41 DEBUG 8776 --- [    Test worker] org.hibernate.SQL                        : 
    insert 
    into
        empresas
        (ciudad, nombre, numero_empleados, pais) 
    values
        (?, ?, ?, ?)
Hibernate: 
    insert 
    into
        empresas
        (ciudad, nombre, numero_empleados, pais) 
    values
        (?, ?, ?, ?)
]]></system-out>
  <system-err><![CDATA[]]></system-err>
</testsuite>
